<?xml version="1.0" encoding="UTF-8"?>
<!-- Generated by org.testng.reporters.JUnitReportReporter -->
<testsuite hostname="Anujs-MacBook-Pro.local" failures="0" tests="6" name="tests.YahooFinanceTest" time="66.260" errors="0" timestamp="2025-03-06T00:41:29 IST" skipped="0">
  <testcase classname="tests.YahooFinanceTest" name="testStockSearch" time="20.438"/>
  <testcase classname="tests.YahooFinanceTest" name="testStockSearch" time="1.799"/>
  <testcase classname="tests.YahooFinanceTest" name="testStockSearch" time="20.415"/>
  <testcase classname="tests.YahooFinanceTest" name="testStockSearch" time="20.414"/>
  <testcase classname="tests.YahooFinanceTest" name="testStockSearch" time="1.158"/>
  <testcase classname="tests.YahooFinanceTest" name="testStockSearch" time="2.036"/>
</testsuite> <!-- tests.YahooFinanceTest -->
